<?xml version="1.0" encoding="UTF-8"?>
<!-- Generated by org.testng.reporters.JUnitXMLReporter -->
<testsuite ignored="10" hostname="IND-CHN-LT10934" failures="7" tests="8" name="Console Application Regression Suite" time="515.684" errors="0" timestamp="27 Sep 2023 06:56:40 GMT">
  <testcase classname="com.qa.dt.test.AppWorkspaceSelectTest" name="verifyApplicationProjectSelection" time="47.419">
    <failure type="java.lang.AssertionError" message="expected [digitaltwin | 2-4 Wilton Park] but found [PlatformReferenceApp | cTest]">
      <![CDATA[java.lang.AssertionError: expected [digitaltwin | 2-4 Wilton Park] but found [PlatformReferenceApp | cTest]
at com.qa.dt.base.BaseClass.comparetwoText(BaseClass.java:761)
at com.qa.dt.page.ProjectSelection.verifyAppProjectSelection(ProjectSelection.java:92)
at com.qa.dt.test.AppWorkspaceSelectTest.verifyApplicationProjectSelection(AppWorkspaceSelectTest.java:34)
... Removed 35 stack frames]]>
    </failure>
  </testcase> <!-- verifyApplicationProjectSelection -->
  <testcase classname="com.qa.dt.test.AppWorkspaceSelectTest" name="verifyChangeAppProjectSelection" time="23.964">
    <failure type="java.lang.AssertionError" message="expected [digitaltwin | 2-4 Wilton Park] but found [PlatformReferenceApp | cTest]">
      <![CDATA[java.lang.AssertionError: expected [digitaltwin | 2-4 Wilton Park] but found [PlatformReferenceApp | cTest]
at com.qa.dt.base.BaseClass.comparetwoText(BaseClass.java:761)
at com.qa.dt.page.ProjectSelection.verifyAppProjectSelection(ProjectSelection.java:92)
at com.qa.dt.test.AppWorkspaceSelectTest.verifyChangeAppProjectSelection(AppWorkspaceSelectTest.java:56)
... Removed 35 stack frames]]>
    </failure>
  </testcase> <!-- verifyChangeAppProjectSelection -->
  <testcase classname="com.qa.dt.test.AccountsDetailTest" name="verifyAccountsDetailPageAndLogout" time="34.987"/>
  <testcase classname="com.qa.dt.test.FileServicesRegression" name="verifyHierarchyOfFoldersDisplayed" time="41.391">
    <failure type="java.lang.AssertionError" message="expected [Application] but found [PlatformReferenceApp | cTest]">
      <![CDATA[java.lang.AssertionError: expected [Application] but found [PlatformReferenceApp | cTest]
at com.qa.dt.base.BaseClass.comparetwoText(BaseClass.java:761)
at com.qa.dt.page.ProjectSelection.verifyAppProjectSelection(ProjectSelection.java:92)
at com.qa.dt.page.ProjectSelection.selectApplicationAndWorkspace(ProjectSelection.java:111)
at com.qa.dt.test.FileServicesRegression.verifyHierarchyOfFoldersDisplayed(FileServicesRegression.java:58)
... Removed 35 stack frames]]>
    </failure>
  </testcase> <!-- verifyHierarchyOfFoldersDisplayed -->
  <testcase classname="com.qa.dt.test.ItemServiceRegression" name="verifyItemServicesTable" time="41.634">
    <failure type="java.lang.AssertionError" message="expected [Application] but found [PlatformReferenceApp | cTest]">
      <![CDATA[java.lang.AssertionError: expected [Application] but found [PlatformReferenceApp | cTest]
at com.qa.dt.base.BaseClass.comparetwoText(BaseClass.java:761)
at com.qa.dt.page.ProjectSelection.verifyAppProjectSelection(ProjectSelection.java:92)
at com.qa.dt.page.ProjectSelection.selectApplicationAndWorkspace(ProjectSelection.java:111)
at com.qa.dt.test.ItemServiceRegression.verifyItemServicesTable(ItemServiceRegression.java:56)
... Removed 35 stack frames]]>
    </failure>
  </testcase> <!-- verifyItemServicesTable -->
  <testcase classname="com.qa.dt.test.UsergroupRegression" name="verifyUserGroupValidations" time="43.065">
    <failure type="java.lang.AssertionError" message="null">
      <![CDATA[java.lang.AssertionError: null
at com.qa.dt.base.BaseClass.failedStep(BaseClass.java:1096)
at com.qa.dt.page.CommonReusablesPage.verifyTableHeaders(CommonReusablesPage.java:223)
at com.qa.dt.test.UsergroupRegression.verifyUserGroupValidations(UsergroupRegression.java:68)
... Removed 31 stack frames]]>
    </failure>
  </testcase> <!-- verifyUserGroupValidations -->
  <testcase classname="com.qa.dt.test.WorkspaceRegression" name="verifyWorkspaceTableUiValidations" time="42.795">
    <failure type="java.lang.AssertionError" message="null">
      <![CDATA[java.lang.AssertionError: null
at com.qa.dt.base.BaseClass.failedStep(BaseClass.java:1096)
at com.qa.dt.page.CommonReusablesPage.verifyTableHeaders(CommonReusablesPage.java:223)
at com.qa.dt.test.WorkspaceRegression.verifyWorkspaceTableUiValidations(WorkspaceRegression.java:66)
... Removed 31 stack frames]]>
    </failure>
  </testcase> <!-- verifyWorkspaceTableUiValidations -->
  <testcase classname="com.qa.dt.test.FileServicesRegression" name="verifyFileVersionHistoryandBreadcrumb" time="41.548">
    <failure type="java.lang.AssertionError" message="expected [Application] but found [PlatformReferenceApp | cTest]">
      <![CDATA[java.lang.AssertionError: expected [Application] but found [PlatformReferenceApp | cTest]
at com.qa.dt.base.BaseClass.comparetwoText(BaseClass.java:761)
at com.qa.dt.page.ProjectSelection.verifyAppProjectSelection(ProjectSelection.java:92)
at com.qa.dt.page.ProjectSelection.selectApplicationAndWorkspace(ProjectSelection.java:111)
at com.qa.dt.test.FileServicesRegression.verifyFileVersionHistoryandBreadcrumb(FileServicesRegression.java:73)
... Removed 35 stack frames]]>
    </failure>
  </testcase> <!-- verifyFileVersionHistoryandBreadcrumb -->
  <testcase classname="com.qa.dt.base.BaseClass" name="@AfterSuite endReport" time="0.0">
    <ignored/>
  </testcase> <!-- @AfterSuite endReport -->
  <testcase classname="com.qa.dt.base.BaseClass" name="@AfterSuite endReport" time="0.0">
    <ignored/>
  </testcase> <!-- @AfterSuite endReport -->
  <testcase classname="com.qa.dt.base.BaseClass" name="@AfterSuite endReport" time="0.0">
    <ignored/>
  </testcase> <!-- @AfterSuite endReport -->
  <testcase classname="com.qa.dt.base.BaseClass" name="@AfterSuite endReport" time="0.0">
    <ignored/>
  </testcase> <!-- @AfterSuite endReport -->
  <testcase classname="com.qa.dt.base.BaseClass" name="@AfterSuite endReport" time="0.0">
    <ignored/>
  </testcase> <!-- @AfterSuite endReport -->
  <testcase classname="com.qa.dt.base.BaseClass" name="@BeforeSuite startReport" time="0.0">
    <ignored/>
  </testcase> <!-- @BeforeSuite startReport -->
  <testcase classname="com.qa.dt.base.BaseClass" name="@BeforeSuite startReport" time="0.0">
    <ignored/>
  </testcase> <!-- @BeforeSuite startReport -->
  <testcase classname="com.qa.dt.base.BaseClass" name="@BeforeSuite startReport" time="0.0">
    <ignored/>
  </testcase> <!-- @BeforeSuite startReport -->
  <testcase classname="com.qa.dt.base.BaseClass" name="@BeforeSuite startReport" time="0.0">
    <ignored/>
  </testcase> <!-- @BeforeSuite startReport -->
  <testcase classname="com.qa.dt.base.BaseClass" name="@BeforeSuite startReport" time="0.0">
    <ignored/>
  </testcase> <!-- @BeforeSuite startReport -->
</testsuite> <!-- Console Application Regression Suite -->
