<!DOCTYPE html PUBLIC "-//W3C//DTD XHTML 1.1//EN" "http://www.w3.org/TR/xhtml11/DTD/xhtml11.dtd">
<html xmlns="http://www.w3.org/1999/xhtml">
<head>
<meta http-equiv="content-type" content="text/html; charset=UTF-8"/>
<title>TestNG Report</title>
<style type="text/css">table {margin-bottom:10px;border-collapse:collapse;empty-cells:show}th,td {border:1px solid #009;padding:.25em .5em}th {vertical-align:bottom}td {vertical-align:top}table a {font-weight:bold}.stripe td {background-color: #E6EBF9}.num {text-align:right}.passedodd td {background-color: #3F3}.passedeven td {background-color: #0A0}.skippedodd td {background-color: #DDD}.skippedeven td {background-color: #CCC}.failedodd td,.attn {background-color: #F33}.failedeven td,.stripe .attn {background-color: #D00}.stacktrace {white-space:pre;font-family:monospace}.totop {font-size:85%;text-align:center;border-bottom:2px solid #000}.invisible {display:none}</style>
</head>
<body>
<table>
<tr><th>Test</th><th># Passed</th><th># Skipped</th><th># Failed</th><th>Time (ms)</th><th>Included Groups</th><th>Excluded Groups</th></tr>
<tr><th colspan="7">Suite</th></tr>
<tr><td><a href="#t0">Console Application Regression Suite</a></td><td class="num">1</td><td class="num">0</td><td class="num attn">7</td><td class="num">515,684</td><td></td><td></td></tr>
</table>
<table id='summary'><thead><tr><th>Class</th><th>Method</th><th>Start</th><th>Time (ms)</th></tr></thead><tbody><tr><th colspan="4">Suite</th></tr></tbody><tbody id="t0"><tr><th colspan="4">Console Application Regression Suite &#8212; failed</th></tr><tr class="failedeven"><td rowspan="2">com.qa.dt.test.AppWorkspaceSelectTest</td><td><a href="#m0">verifyApplicationProjectSelection</a></td><td rowspan="1">1695797306971</td><td rowspan="1">47419</td></tr><tr class="failedeven"><td><a href="#m1">verifyChangeAppProjectSelection</a></td><td rowspan="1">1695797377608</td><td rowspan="1">23964</td></tr><tr class="failedodd"><td rowspan="2">com.qa.dt.test.FileServicesRegression</td><td><a href="#m2">verifyFileVersionHistoryandBreadcrumb</a></td><td rowspan="1">1695797755592</td><td rowspan="1">41548</td></tr><tr class="failedodd"><td><a href="#m3">verifyHierarchyOfFoldersDisplayed</a></td><td rowspan="1">1695797484090</td><td rowspan="1">41391</td></tr><tr class="failedeven"><td rowspan="1">com.qa.dt.test.ItemServiceRegression</td><td><a href="#m4">verifyItemServicesTable</a></td><td rowspan="1">1695797552377</td><td rowspan="1">41634</td></tr><tr class="failedodd"><td rowspan="1">com.qa.dt.test.UsergroupRegression</td><td><a href="#m5">verifyUserGroupValidations</a></td><td rowspan="1">1695797620709</td><td rowspan="1">43065</td></tr><tr class="failedeven"><td rowspan="1">com.qa.dt.test.WorkspaceRegression</td><td><a href="#m6">verifyWorkspaceTableUiValidations</a></td><td rowspan="1">1695797688914</td><td rowspan="1">42795</td></tr><tr><th colspan="4">Console Application Regression Suite &#8212; passed</th></tr><tr class="passedeven"><td rowspan="1">com.qa.dt.test.AccountsDetailTest</td><td><a href="#m7">verifyAccountsDetailPageAndLogout</a></td><td rowspan="1">1695797423653</td><td rowspan="1">34987</td></tr></tbody>
</table>
<h2>Console Application Regression Suite</h2><h3 id="m0">com.qa.dt.test.AppWorkspaceSelectTest#verifyApplicationProjectSelection</h3><table class="result"><tr><th>Exception</th></tr><tr><td><div class="stacktrace">java.lang.AssertionError: expected [digitaltwin | 2-4 Wilton Park] but found [PlatformReferenceApp | cTest]
	at com.qa.dt.base.BaseClass.comparetwoText(BaseClass.java:761)
	at com.qa.dt.page.ProjectSelection.verifyAppProjectSelection(ProjectSelection.java:92)
	at com.qa.dt.test.AppWorkspaceSelectTest.verifyApplicationProjectSelection(AppWorkspaceSelectTest.java:34)
... Removed 35 stack frames</div></td></tr></table><p class="totop"><a href="#summary">back to summary</a></p>
<h3 id="m1">com.qa.dt.test.AppWorkspaceSelectTest#verifyChangeAppProjectSelection</h3><table class="result"><tr><th>Exception</th></tr><tr><td><div class="stacktrace">java.lang.AssertionError: expected [digitaltwin | 2-4 Wilton Park] but found [PlatformReferenceApp | cTest]
	at com.qa.dt.base.BaseClass.comparetwoText(BaseClass.java:761)
	at com.qa.dt.page.ProjectSelection.verifyAppProjectSelection(ProjectSelection.java:92)
	at com.qa.dt.test.AppWorkspaceSelectTest.verifyChangeAppProjectSelection(AppWorkspaceSelectTest.java:56)
... Removed 35 stack frames</div></td></tr></table><p class="totop"><a href="#summary">back to summary</a></p>
<h3 id="m2">com.qa.dt.test.FileServicesRegression#verifyFileVersionHistoryandBreadcrumb</h3><table class="result"><tr><th>Exception</th></tr><tr><td><div class="stacktrace">java.lang.AssertionError: expected [Application] but found [PlatformReferenceApp | cTest]
	at com.qa.dt.base.BaseClass.comparetwoText(BaseClass.java:761)
	at com.qa.dt.page.ProjectSelection.verifyAppProjectSelection(ProjectSelection.java:92)
	at com.qa.dt.page.ProjectSelection.selectApplicationAndWorkspace(ProjectSelection.java:111)
	at com.qa.dt.test.FileServicesRegression.verifyFileVersionHistoryandBreadcrumb(FileServicesRegression.java:73)
... Removed 35 stack frames</div></td></tr></table><p class="totop"><a href="#summary">back to summary</a></p>
<h3 id="m3">com.qa.dt.test.FileServicesRegression#verifyHierarchyOfFoldersDisplayed</h3><table class="result"><tr><th>Exception</th></tr><tr><td><div class="stacktrace">java.lang.AssertionError: expected [Application] but found [PlatformReferenceApp | cTest]
	at com.qa.dt.base.BaseClass.comparetwoText(BaseClass.java:761)
	at com.qa.dt.page.ProjectSelection.verifyAppProjectSelection(ProjectSelection.java:92)
	at com.qa.dt.page.ProjectSelection.selectApplicationAndWorkspace(ProjectSelection.java:111)
	at com.qa.dt.test.FileServicesRegression.verifyHierarchyOfFoldersDisplayed(FileServicesRegression.java:58)
... Removed 35 stack frames</div></td></tr></table><p class="totop"><a href="#summary">back to summary</a></p>
<h3 id="m4">com.qa.dt.test.ItemServiceRegression#verifyItemServicesTable</h3><table class="result"><tr><th>Exception</th></tr><tr><td><div class="stacktrace">java.lang.AssertionError: expected [Application] but found [PlatformReferenceApp | cTest]
	at com.qa.dt.base.BaseClass.comparetwoText(BaseClass.java:761)
	at com.qa.dt.page.ProjectSelection.verifyAppProjectSelection(ProjectSelection.java:92)
	at com.qa.dt.page.ProjectSelection.selectApplicationAndWorkspace(ProjectSelection.java:111)
	at com.qa.dt.test.ItemServiceRegression.verifyItemServicesTable(ItemServiceRegression.java:56)
... Removed 35 stack frames</div></td></tr></table><p class="totop"><a href="#summary">back to summary</a></p>
<h3 id="m5">com.qa.dt.test.UsergroupRegression#verifyUserGroupValidations</h3><table class="result"><tr><th>Exception</th></tr><tr><td><div class="stacktrace">java.lang.AssertionError: null
	at com.qa.dt.base.BaseClass.failedStep(BaseClass.java:1096)
	at com.qa.dt.page.CommonReusablesPage.verifyTableHeaders(CommonReusablesPage.java:223)
	at com.qa.dt.test.UsergroupRegression.verifyUserGroupValidations(UsergroupRegression.java:68)
... Removed 31 stack frames</div></td></tr></table><p class="totop"><a href="#summary">back to summary</a></p>
<h3 id="m6">com.qa.dt.test.WorkspaceRegression#verifyWorkspaceTableUiValidations</h3><table class="result"><tr><th>Exception</th></tr><tr><td><div class="stacktrace">java.lang.AssertionError: null
	at com.qa.dt.base.BaseClass.failedStep(BaseClass.java:1096)
	at com.qa.dt.page.CommonReusablesPage.verifyTableHeaders(CommonReusablesPage.java:223)
	at com.qa.dt.test.WorkspaceRegression.verifyWorkspaceTableUiValidations(WorkspaceRegression.java:66)
... Removed 31 stack frames</div></td></tr></table><p class="totop"><a href="#summary">back to summary</a></p>
<h3 id="m7">com.qa.dt.test.AccountsDetailTest#verifyAccountsDetailPageAndLogout</h3><table class="result"><tr><th class="invisible"/></tr></table><p class="totop"><a href="#summary">back to summary</a></p>
</body>
</html>
